shudu/app/build/intermediates/manifest_merge_blame_file/debug/manifest-merger-blame-debug-report.txt
1<?xml version="1.0" encoding="utf-8"?>
2<manifest xmlns:android="http://schemas.android.com/apk/res/android"
3    package="com.homework.shudu"
4    android:versionCode="1"
5    android:versionName="2.0" >
6
7    <uses-sdk
7-->src\main\AndroidManifest.xml:8:5-10:41
8        android:minSdkVersion="24"
8-->src\main\AndroidManifest.xml:9:9-34
9        android:targetSdkVersion="32" />
9-->src\main\AndroidManifest.xml:10:9-38
10
11    <application
11-->src\main\AndroidManifest.xml:12:5-70:19
12        android:allowBackup="true"
12-->src\main\AndroidManifest.xml:13:9-35
13        android:appComponentFactory="androidx.core.app.CoreComponentFactory"
13-->[androidx.core:core:1.5.0] AndroidManifest.xml:24:18-86
14        android:debuggable="true"
15        android:extractNativeLibs="false"
16        android:icon="@drawable/sudoku"
16-->src\main\AndroidManifest.xml:14:9-40
17        android:label="数独"
17-->src\main\AndroidManifest.xml:15:9-27
18        android:testOnly="true"
19        android:theme="@style/AppTheme" >
19-->src\main\AndroidManifest.xml:16:9-40
20        <activity
20-->src\main\AndroidManifest.xml:17:9-19:40
21            android:name="com.homework.shudu.Personal"
21-->src\main\AndroidManifest.xml:18:13-37
22            android:exported="false" />
22-->src\main\AndroidManifest.xml:19:13-37
23        <activity
23-->src\main\AndroidManifest.xml:20:9-22:40
24            android:name="com.homework.shudu.ChangeLevel"
24-->src\main\AndroidManifest.xml:21:13-40
25            android:exported="false" />
25-->src\main\AndroidManifest.xml:22:13-37
26        <activity
26-->src\main\AndroidManifest.xml:23:9-25:40
27            android:name="com.homework.shudu.Welcome"
27-->src\main\AndroidManifest.xml:24:13-36
28            android:exported="false" />
28-->src\main\AndroidManifest.xml:25:13-37
29        <activity
29-->src\main\AndroidManifest.xml:26:9-28:40
30            android:name="com.homework.shudu.MainPage"
30-->src\main\AndroidManifest.xml:27:13-37
31            android:exported="false" />
31-->src\main\AndroidManifest.xml:28:13-37
32        <activity
32-->src\main\AndroidManifest.xml:29:9-31:40
33            android:name="com.homework.shudu.demo"
33-->src\main\AndroidManifest.xml:30:13-33
34            android:exported="false" />
34-->src\main\AndroidManifest.xml:31:13-37
35        <activity
35-->src\main\AndroidManifest.xml:32:9-34:40
36            android:name="com.homework.shudu.Setting"
36-->src\main\AndroidManifest.xml:33:13-36
37            android:exported="false" />
37-->src\main\AndroidManifest.xml:34:13-37
38        <activity
38-->src\main\AndroidManifest.xml:35:9-37:40
39            android:name="com.homework.shudu.Sign"
39-->src\main\AndroidManifest.xml:36:13-33
40            android:exported="false" />
40-->src\main\AndroidManifest.xml:37:13-37
41        <activity
41-->src\main\AndroidManifest.xml:38:9-40:40
42            android:name="com.homework.shudu.Login"
42-->src\main\AndroidManifest.xml:39:13-34
43            android:exported="false" />
43-->src\main\AndroidManifest.xml:40:13-37
44        <activity
44-->src\main\AndroidManifest.xml:41:9-43:40
45            android:name="com.homework.shudu.MainActivity"
45-->src\main\AndroidManifest.xml:42:13-41
46            android:exported="false" />
46-->src\main\AndroidManifest.xml:43:13-37
47        <activity
47-->src\main\AndroidManifest.xml:44:9-53:20
48            android:name="com.homework.shudu.LoadPage"
48-->src\main\AndroidManifest.xml:45:13-37
49            android:exported="true"
49-->src\main\AndroidManifest.xml:46:13-36
50            android:label="数独游戏" >
50-->src\main\AndroidManifest.xml:47:13-33
51            <intent-filter>
51-->src\main\AndroidManifest.xml:48:13-52:29
52                <action android:name="android.intent.action.MAIN" />
52-->src\main\AndroidManifest.xml:49:17-69
52-->src\main\AndroidManifest.xml:49:25-66
53
54                <category android:name="android.intent.category.LAUNCHER" />
54-->src\main\AndroidManifest.xml:51:17-77
54-->src\main\AndroidManifest.xml:51:27-74
55            </intent-filter>
56        </activity>
57        <activity
57-->src\main\AndroidManifest.xml:54:9-57:59
58            android:name="com.homework.shudu.About"
58-->src\main\AndroidManifest.xml:55:13-34
59            android:label="关于游戏"
59-->src\main\AndroidManifest.xml:56:13-33
60            android:theme="@android:style/Theme.Dialog" />
60-->src\main\AndroidManifest.xml:57:13-56
61        <activity
61-->src\main\AndroidManifest.xml:58:9-60:48
62            android:name="com.homework.shudu.Game"
62-->src\main\AndroidManifest.xml:59:13-33
63            android:label="@string/app_name" />
63-->src\main\AndroidManifest.xml:60:13-45
64        <activity
64-->src\main\AndroidManifest.xml:61:9-64:58
65            android:name="com.homework.shudu.KeyPad"
65-->src\main\AndroidManifest.xml:62:13-35
66            android:label="数字填充" />
66-->src\main\AndroidManifest.xml:63:13-33
67        <activity android:name="com.homework.shudu.Prefs" />
67-->src\main\AndroidManifest.xml:65:9-43
67-->src\main\AndroidManifest.xml:65:19-40
68        <activity android:name="com.homework.shudu.ColorActivity" />
68-->src\main\AndroidManifest.xml:66:9-51
68-->src\main\AndroidManifest.xml:66:19-48
69        <activity
69-->src\main\AndroidManifest.xml:67:9-69:37
70            android:name="com.homework.shudu.ChangeTheme"
70-->src\main\AndroidManifest.xml:68:13-40
71            android:label="Theme" />
71-->src\main\AndroidManifest.xml:69:13-34
72    </application>
73
74</manifest>